<?xml version="1.0" encoding="UTF-8"?>
<!-- Generated by org.testng.reporters.JUnitXMLReporter -->
<testsuite ignored="0" hostname="Prem" failures="0" tests="4" name="Surefire test" time="0.057" errors="0" timestamp="2026-03-13T12:50:18 IST">
  <testcase classname="pack1.ContactTest" name="createcontactTest" time="0.005"/>
  <testcase classname="pack1.ContactTest" name="modifycontactTest" time="0.002"/>
  <testcase classname="pack2.OrgTest" name="createOrgTest" time="0.0"/>
  <testcase classname="pack2.OrgTest" name="modifyOrgTest" time="0.001"/>
</testsuite> <!-- Surefire test -->
