<?xml version="1.0" encoding="UTF-8"?>
<!-- Generated by org.testng.reporters.JUnitXMLReporter -->
<testsuite ignored="0" hostname="Prem" failures="0" tests="6" name="Surefire test" time="0.069" errors="0" timestamp="2026-03-31T22:46:45 IST">
  <testcase classname="pack1.ContactTest" name="createcontactTest" time="0.008"/>
  <testcase classname="pack1.ContactTest" name="deleteContactTest" time="0.001"/>
  <testcase classname="pack1.ContactTest" name="modifycontactTest" time="0.001"/>
  <testcase classname="pack2.Org2Test" name="createORGTest" time="0.002"/>
  <testcase classname="pack2.OrgTest" name="createOrgTest" time="0.001"/>
  <testcase classname="pack2.OrgTest" name="modifyOrgTest" time="0.001"/>
</testsuite> <!-- Surefire test -->
