<?xml version="1.0" encoding="UTF-8"?>
<!-- Generated by org.testng.reporters.JUnitXMLReporter -->
<testsuite ignored="0" hostname="Prem" failures="0" tests="5" name="Test" time="0.075" errors="0" timestamp="2026-04-01T10:41:03 IST">
  <testcase classname="pack1.ContactTest" name="createcontactTest" time="0.008"/>
  <testcase classname="pack1.ContactTest" name="deleteContactTest" time="0.002"/>
  <testcase classname="pack1.ContactTest" name="modifycontactTest" time="0.001"/>
  <testcase classname="pack2.OrgTest" name="createOrgTest" time="0.0"/>
  <testcase classname="pack2.OrgTest" name="modifyOrgTest" time="0.001"/>
</testsuite> <!-- Test -->
