<?xml version="1.0" encoding="UTF-8"?>
<testng-results ignored="0" total="6" passed="6" failed="0" skipped="0">
  <reporter-output>
  </reporter-output>
  <suite started-at="2026-04-01T00:04:02 IST" name="Suite" finished-at="2026-04-01T00:04:02 IST" duration-ms="83">
    <groups>
    </groups>
    <test started-at="2026-04-01T00:04:02 IST" name="Test" finished-at="2026-04-01T00:04:02 IST" duration-ms="83">
      <class name="pack2.OrgTest">
        <test-method signature="createOrgTest()[pri:0, instance:pack2.OrgTest@33afa13b]" started-at="2026-04-01T00:04:02 IST" name="createOrgTest" finished-at="2026-04-01T00:04:02 IST" duration-ms="2" status="PASS">
          <reporter-output>
          </reporter-output>
        </test-method> <!-- createOrgTest -->
        <test-method signature="modifyOrgTest()[pri:0, instance:pack2.OrgTest@33afa13b]" started-at="2026-04-01T00:04:02 IST" name="modifyOrgTest" finished-at="2026-04-01T00:04:02 IST" duration-ms="0" status="PASS">
          <reporter-output>
          </reporter-output>
        </test-method> <!-- modifyOrgTest -->
      </class> <!-- pack2.OrgTest -->
      <class name="pack1.ContactTest">
        <test-method signature="createcontactTest()[pri:0, instance:pack1.ContactTest@1fe20588]" started-at="2026-04-01T00:04:02 IST" name="createcontactTest" finished-at="2026-04-01T00:04:02 IST" duration-ms="9" status="PASS">
          <reporter-output>
          </reporter-output>
        </test-method> <!-- createcontactTest -->
        <test-method signature="deleteContactTest()[pri:0, instance:pack1.ContactTest@1fe20588]" started-at="2026-04-01T00:04:02 IST" name="deleteContactTest" finished-at="2026-04-01T00:04:02 IST" duration-ms="1" status="PASS">
          <reporter-output>
          </reporter-output>
        </test-method> <!-- deleteContactTest -->
        <test-method signature="modifycontactTest()[pri:0, instance:pack1.ContactTest@1fe20588]" started-at="2026-04-01T00:04:02 IST" name="modifycontactTest" finished-at="2026-04-01T00:04:02 IST" duration-ms="4" status="PASS">
          <reporter-output>
          </reporter-output>
        </test-method> <!-- modifycontactTest -->
      </class> <!-- pack1.ContactTest -->
    </test> <!-- Test -->
  </suite> <!-- Suite -->
  <suite started-at="2026-04-01T00:04:02 IST" name="Suite (0)" finished-at="2026-04-01T00:04:02 IST" duration-ms="2">
    <groups>
    </groups>
    <test started-at="2026-04-01T00:04:02 IST" name="Test" finished-at="2026-04-01T00:04:02 IST" duration-ms="2">
      <class name="pack2.Org2Test">
        <test-method signature="createORGTest()[pri:0, instance:pack2.Org2Test@49b0b76]" started-at="2026-04-01T00:04:02 IST" name="createORGTest" finished-at="2026-04-01T00:04:02 IST" duration-ms="1" status="PASS">
          <reporter-output>
          </reporter-output>
        </test-method> <!-- createORGTest -->
      </class> <!-- pack2.Org2Test -->
    </test> <!-- Test -->
  </suite> <!-- Suite (0) -->
</testng-results>
