<?xml version="1.0" encoding="UTF-8"?>
<testng-results ignored="0" total="1" passed="1" failed="0" skipped="0">
  <reporter-output>
  </reporter-output>
  <suite started-at="2026-03-31T23:47:05 IST" name="Suite" finished-at="2026-03-31T23:47:06 IST" duration-ms="61">
    <groups>
    </groups>
    <test started-at="2026-03-31T23:47:05 IST" name="Test" finished-at="2026-03-31T23:47:06 IST" duration-ms="61">
      <class name="pack2.Org2">
        <test-method signature="createORGTest()[pri:0, instance:pack2.Org2@3901d134]" started-at="2026-03-31T23:47:06 IST" name="createORGTest" finished-at="2026-03-31T23:47:06 IST" duration-ms="9" status="PASS">
          <reporter-output>
          </reporter-output>
        </test-method> <!-- createORGTest -->
      </class> <!-- pack2.Org2 -->
    </test> <!-- Test -->
  </suite> <!-- Suite -->
</testng-results>
