<?xml version="1.0" encoding="UTF-8"?>
<testsuite xmlns:xsi="http://www.w3.org/2001/XMLSchema-instance" xsi:noNamespaceSchemaLocation="https://maven.apache.org/surefire/maven-surefire-plugin/xsd/surefire-test-report-3.0.xsd" version="3.0" name="TestSuite" time="0.535" tests="6" errors="0" skipped="0" failures="0">
  <properties>
[...]
</properties>
  <testcase name="createcontactTest" classname="pack1.ContactTest" time="0.008">
    <system-out><![CDATA[execute createcontactTest
]]></system-out>
    <system-err><![CDATA[SLF4J(W): No SLF4J providers were found.
SLF4J(W): Defaulting to no-operation (NOP) logger implementation
SLF4J(W): See https://www.slf4j.org/codes.html#noProviders for further details.
]]></system-err>
  </testcase>
  <testcase name="deleteContactTest" classname="pack1.ContactTest" time="0.002">
    <system-out><![CDATA[execute deletecontactTest
]]></system-out>
  </testcase>
  <testcase name="modifycontactTest" classname="pack1.ContactTest" time="0.001">
    <system-out><![CDATA[execute modifycontactTest
null
null
]]></system-out>
  </testcase>
  <testcase name="createORGTest" classname="pack2.Org2Test" time="0.002">
    <system-out><![CDATA[Org2 createORGTest
]]></system-out>
  </testcase>
  <testcase name="createOrgTest" classname="pack2.OrgTest" time="0.001">
    <system-out><![CDATA[execute createOrg
]]></system-out>
  </testcase>
  <testcase name="modifyOrgTest" classname="pack2.OrgTest" time="0.002">
    <system-out><![CDATA[execute modifyOrgTest
]]></system-out>
  </testcase>
</testsuite>