<?xml version="1.0" encoding="UTF-8"?>
<!-- Generated by org.testng.reporters.JUnitReportReporter -->
<testsuite hostname="Prem" failures="0" tests="3" name="pack1.ContactTest" time="0.011" errors="0" timestamp="2026-03-31T23:46:54 IST" skipped="0">
  <testcase classname="pack1.ContactTest" name="deleteContactTest" time="0.001"/>
  <testcase classname="pack1.ContactTest" name="createcontactTest" time="0.009"/>
  <testcase classname="pack1.ContactTest" name="modifycontactTest" time="0.001"/>
</testsuite> <!-- pack1.ContactTest -->
